2025-04-04 10:11:37.769513 - Received CBT.V508.FILE465.PDS from FILE465.XMI 
2025-04-04 10:11:37.771130 - Found $$$#DATE.txt (text/plain) in CBT.V508.FILE465.PDS, moved to PDS/$$$#DATE
2025-04-04 10:11:37.771288 - Found #CONTENT.txt (text/plain) in CBT.V508.FILE465.PDS, moved to PDS/#CONTENT
2025-04-04 10:11:37.771433 - Found #EDITMAC.txt (text/plain) in CBT.V508.FILE465.PDS, moved to PDS/#EDITMAC
2025-04-04 10:11:37.771561 - Found #MODS.txt (text/plain) in CBT.V508.FILE465.PDS, moved to PDS/#MODS
2025-04-04 10:11:37.771688 - Found #UPDATES.txt (text/plain) in CBT.V508.FILE465.PDS, moved to PDS/#UPDATES
2025-04-04 10:11:37.771814 - Found @FILE465.txt (text/plain) in CBT.V508.FILE465.PDS, moved to PDS/@FILE465
2025-04-04 10:11:37.771940 - Found BR.txt (text/plain) in CBT.V508.FILE465.PDS, moved to PDS/BR
2025-04-04 10:11:37.772071 - Found BR@.jcl (text/plain) in CBT.V508.FILE465.PDS, moved to PDS/BR@
2025-04-04 10:11:37.772201 - Found BREAKSE@.jcl (text/plain) in CBT.V508.FILE465.PDS, moved to PDS/BREAKSE@
2025-04-04 10:11:37.772323 - Found BREAKSET.txt (text/plain) in CBT.V508.FILE465.PDS, moved to PDS/BREAKSET
2025-04-04 10:11:37.772453 - Found BRLAST.txt (text/plain) in CBT.V508.FILE465.PDS, moved to PDS/BRLAST
2025-04-04 10:11:37.772571 - Found COMMAND@.jcl (text/plain) in CBT.V508.FILE465.PDS, moved to PDS/COMMAND@
2025-04-04 10:11:37.772692 - Found COMMANDS.txt (text/plain) in CBT.V508.FILE465.PDS, moved to PDS/COMMANDS
2025-04-04 10:11:37.772814 - Found DFT.txt (text/plain) in CBT.V508.FILE465.PDS, moved to PDS/DFT
2025-04-04 10:11:37.772944 - Found DFT@.jcl (text/plain) in CBT.V508.FILE465.PDS, moved to PDS/DFT@
2025-04-04 10:11:37.773084 - Found DSINDEX.txt (text/plain) in CBT.V508.FILE465.PDS, moved to PDS/DSINDEX
2025-04-04 10:11:37.773215 - Found DSINDEX@.jcl (text/plain) in CBT.V508.FILE465.PDS, moved to PDS/DSINDEX@
2025-04-04 10:11:37.773334 - Found DSM.txt (text/plain) in CBT.V508.FILE465.PDS, moved to PDS/DSM
2025-04-04 10:11:37.773469 - Found DSM@.jcl (text/plain) in CBT.V508.FILE465.PDS, moved to PDS/DSM@
2025-04-04 10:11:37.773591 - Found DSNINFO.txt (text/plain) in CBT.V508.FILE465.PDS, moved to PDS/DSNINFO
2025-04-04 10:11:37.773715 - Found DSNINFO@.jcl (text/plain) in CBT.V508.FILE465.PDS, moved to PDS/DSNINFO@
2025-04-04 10:11:37.773840 - Found ED.txt (text/plain) in CBT.V508.FILE465.PDS, moved to PDS/ED
2025-04-04 10:11:37.774028 - Found ED@.jcl (text/plain) in CBT.V508.FILE465.PDS, moved to PDS/ED@
2025-04-04 10:11:37.774191 - Found EDITLIS@.jcl (text/plain) in CBT.V508.FILE465.PDS, moved to PDS/EDITLIS@
2025-04-04 10:11:37.774327 - Found EDITLIST.txt (text/plain) in CBT.V508.FILE465.PDS, moved to PDS/EDITLIST
2025-04-04 10:11:37.774470 - Found EDLAST.txt (text/plain) in CBT.V508.FILE465.PDS, moved to PDS/EDLAST
2025-04-04 10:11:37.774595 - Found EDREC.txt (text/plain) in CBT.V508.FILE465.PDS, moved to PDS/EDREC
2025-04-04 10:11:37.774715 - Found EDREC@.jcl (text/plain) in CBT.V508.FILE465.PDS, moved to PDS/EDREC@
2025-04-04 10:11:37.774835 - Found EDRECD.txt (text/plain) in CBT.V508.FILE465.PDS, moved to PDS/EDRECD
2025-04-04 10:11:37.774960 - Found GETTABL.txt (text/plain) in CBT.V508.FILE465.PDS, moved to PDS/GETTABL
2025-04-04 10:11:37.775084 - Found GETTABL@.jcl (text/plain) in CBT.V508.FILE465.PDS, moved to PDS/GETTABL@
2025-04-04 10:11:37.775205 - Found HOLD.txt (text/plain) in CBT.V508.FILE465.PDS, moved to PDS/HOLD
2025-04-04 10:11:37.775331 - Found JOBLIST.txt (text/plain) in CBT.V508.FILE465.PDS, moved to PDS/JOBLIST
2025-04-04 10:11:37.775465 - Found JOBLIST@.jcl (text/plain) in CBT.V508.FILE465.PDS, moved to PDS/JOBLIST@
2025-04-04 10:11:37.775585 - Found KBR.txt (text/plain) in CBT.V508.FILE465.PDS, moved to PDS/KBR
2025-04-04 10:11:37.775706 - Found KBR@.jcl (text/plain) in CBT.V508.FILE465.PDS, moved to PDS/KBR@
2025-04-04 10:11:37.775826 - Found KDDN.txt (text/plain) in CBT.V508.FILE465.PDS, moved to PDS/KDDN
2025-04-04 10:11:37.775944 - Found KDDN@.jcl (text/plain) in CBT.V508.FILE465.PDS, moved to PDS/KDDN@
2025-04-04 10:11:37.776073 - Found KDSN.txt (text/plain) in CBT.V508.FILE465.PDS, moved to PDS/KDSN
2025-04-04 10:11:37.776196 - Found KDSN@.jcl (text/plain) in CBT.V508.FILE465.PDS, moved to PDS/KDSN@
2025-04-04 10:11:37.776331 - Found KED.txt (text/plain) in CBT.V508.FILE465.PDS, moved to PDS/KED
2025-04-04 10:11:37.776455 - Found KED@.jcl (text/plain) in CBT.V508.FILE465.PDS, moved to PDS/KED@
2025-04-04 10:11:37.776584 - Found KLIB.txt (text/plain) in CBT.V508.FILE465.PDS, moved to PDS/KLIB
2025-04-04 10:11:37.776700 - Found KLIB@.jcl (text/plain) in CBT.V508.FILE465.PDS, moved to PDS/KLIB@
2025-04-04 10:11:37.776815 - Found LISTA.txt (text/plain) in CBT.V508.FILE465.PDS, moved to PDS/LISTA
2025-04-04 10:11:37.776933 - Found LISTA@.jcl (text/plain) in CBT.V508.FILE465.PDS, moved to PDS/LISTA@
2025-04-04 10:11:37.777053 - Found LOGMSG.txt (text/plain) in CBT.V508.FILE465.PDS, moved to PDS/LOGMSG
2025-04-04 10:11:37.777170 - Found LOGMSG@.jcl (text/plain) in CBT.V508.FILE465.PDS, moved to PDS/LOGMSG@
2025-04-04 10:11:37.777303 - Found LSPACE.txt (text/plain) in CBT.V508.FILE465.PDS, moved to PDS/LSPACE
2025-04-04 10:11:37.777424 - Found LSPACE@.jcl (text/plain) in CBT.V508.FILE465.PDS, moved to PDS/LSPACE@
2025-04-04 10:11:37.777540 - Found MENU.txt (text/plain) in CBT.V508.FILE465.PDS, moved to PDS/MENU
2025-04-04 10:11:37.777668 - Found NETTRAK.txt (text/plain) in CBT.V508.FILE465.PDS, moved to PDS/NETTRAK
2025-04-04 10:11:37.777787 - Found NETTRAK@.jcl (text/plain) in CBT.V508.FILE465.PDS, moved to PDS/NETTRAK@
2025-04-04 10:11:37.777907 - Found NEWMSGS.txt (text/plain) in CBT.V508.FILE465.PDS, moved to PDS/NEWMSGS
2025-04-04 10:11:37.778031 - Found NEWMSGS@.jcl (text/plain) in CBT.V508.FILE465.PDS, moved to PDS/NEWMSGS@
2025-04-04 10:11:37.778149 - Found PDSXREF.txt (text/plain) in CBT.V508.FILE465.PDS, moved to PDS/PDSXREF
2025-04-04 10:11:37.778278 - Found PDSXREF@.jcl (text/plain) in CBT.V508.FILE465.PDS, moved to PDS/PDSXREF@
2025-04-04 10:11:37.778399 - Found PFKINIT.txt (text/plain) in CBT.V508.FILE465.PDS, moved to PDS/PFKINIT
2025-04-04 10:11:37.778523 - Found PFKINIT@.jcl (text/plain) in CBT.V508.FILE465.PDS, moved to PDS/PFKINIT@
2025-04-04 10:11:37.778639 - Found RECALL.txt (text/plain) in CBT.V508.FILE465.PDS, moved to PDS/RECALL
2025-04-04 10:11:37.778766 - Found RETTABL.txt (text/plain) in CBT.V508.FILE465.PDS, moved to PDS/RETTABL
2025-04-04 10:11:37.778882 - Found RETTABL@.jcl (text/plain) in CBT.V508.FILE465.PDS, moved to PDS/RETTABL@
2025-04-04 10:11:37.778999 - Found TRMLOCK.txt (text/plain) in CBT.V508.FILE465.PDS, moved to PDS/TRMLOCK
2025-04-04 10:11:37.779114 - Found TRMLOCK@.jcl (text/plain) in CBT.V508.FILE465.PDS, moved to PDS/TRMLOCK@
2025-04-04 10:11:37.779235 - Found TSO.txt (text/plain) in CBT.V508.FILE465.PDS, moved to PDS/TSO
2025-04-04 10:11:37.779363 - Found TSO@.jcl (text/plain) in CBT.V508.FILE465.PDS, moved to PDS/TSO@
2025-04-04 10:11:37.779479 - Found TSOCMD.txt (text/plain) in CBT.V508.FILE465.PDS, moved to PDS/TSOCMD
2025-04-04 10:11:37.779595 - Found TSOCMD@.jcl (text/plain) in CBT.V508.FILE465.PDS, moved to PDS/TSOCMD@
2025-04-04 10:11:37.779715 - Found TSOHELP.txt (text/plain) in CBT.V508.FILE465.PDS, moved to PDS/TSOHELP
2025-04-04 10:11:37.779829 - Found TSOHELP@.jcl (text/plain) in CBT.V508.FILE465.PDS, moved to PDS/TSOHELP@
2025-04-04 10:11:37.779950 - Found TSOJCL.txt (text/plain) in CBT.V508.FILE465.PDS, moved to PDS/TSOJCL
2025-04-04 10:11:37.780065 - Found TUTPRIN@.jcl (text/plain) in CBT.V508.FILE465.PDS, moved to PDS/TUTPRIN@
2025-04-04 10:11:37.780177 - Found TUTPRINT.txt (text/plain) in CBT.V508.FILE465.PDS, moved to PDS/TUTPRINT
